Determining if the Q_WS_WIN exist failed with the following output:
Change Dir: /home/work/modgeo/canva_projet/build/CMakeFiles/CMakeTmp

Run Build Command:/usr/bin/make "cmTryCompileExec626216008/fast"
/usr/bin/make -f CMakeFiles/cmTryCompileExec626216008.dir/build.make CMakeFiles/cmTryCompileExec626216008.dir/build
make[1]: entrant dans le répertoire « /home/work/modgeo/canva_projet/build/CMakeFiles/CMakeTmp »
/usr/bin/cmake -E cmake_progress_report /home/work/modgeo/canva_projet/build/CMakeFiles/CMakeTmp/CMakeFiles 1
Building CXX object CMakeFiles/cmTryCompileExec626216008.dir/CheckSymbolExists.cxx.o
/usr/bin/c++    -I/usr/include/qt4    -o CMakeFiles/cmTryCompileExec626216008.dir/CheckSymbolExists.cxx.o -c /home/work/modgeo/canva_projet/build/CMakeFiles/CMakeTmp/CheckSymbolExists.cxx
/home/work/modgeo/canva_projet/build/CMakeFiles/CMakeTmp/CheckSymbolExists.cxx: In function ‘int main(int, char**)’:
/home/work/modgeo/canva_projet/build/CMakeFiles/CMakeTmp/CheckSymbolExists.cxx:8:19: error: ‘Q_WS_WIN’ was not declared in this scope
   return ((int*)(&Q_WS_WIN))[argc];
                   ^
make[1]: *** [CMakeFiles/cmTryCompileExec626216008.dir/CheckSymbolExists.cxx.o] Erreur 1
make[1]: quittant le répertoire « /home/work/modgeo/canva_projet/build/CMakeFiles/CMakeTmp »
make: *** [cmTryCompileExec626216008/fast] Erreur 2

File /home/work/modgeo/canva_projet/build/CMakeFiles/CMakeTmp/CheckSymbolExists.cxx:
/* */
#include <QtCore/qglobal.h>

int main(int argc, char** argv)
{
  (void)argv;
#ifndef Q_WS_WIN
  return ((int*)(&Q_WS_WIN))[argc];
#else
  (void)argc;
  return 0;
#endif
}

Determining if the Q_WS_QWS exist failed with the following output:
Change Dir: /home/work/modgeo/canva_projet/build/CMakeFiles/CMakeTmp

Run Build Command:/usr/bin/make "cmTryCompileExec1808554870/fast"
/usr/bin/make -f CMakeFiles/cmTryCompileExec1808554870.dir/build.make CMakeFiles/cmTryCompileExec1808554870.dir/build
make[1]: entrant dans le répertoire « /home/work/modgeo/canva_projet/build/CMakeFiles/CMakeTmp »
/usr/bin/cmake -E cmake_progress_report /home/work/modgeo/canva_projet/build/CMakeFiles/CMakeTmp/CMakeFiles 1
Building CXX object CMakeFiles/cmTryCompileExec1808554870.dir/CheckSymbolExists.cxx.o
/usr/bin/c++    -I/usr/include/qt4    -o CMakeFiles/cmTryCompileExec1808554870.dir/CheckSymbolExists.cxx.o -c /home/work/modgeo/canva_projet/build/CMakeFiles/CMakeTmp/CheckSymbolExists.cxx
/home/work/modgeo/canva_projet/build/CMakeFiles/CMakeTmp/CheckSymbolExists.cxx: In function ‘int main(int, char**)’:
/home/work/modgeo/canva_projet/build/CMakeFiles/CMakeTmp/CheckSymbolExists.cxx:8:19: error: ‘Q_WS_QWS’ was not declared in this scope
   return ((int*)(&Q_WS_QWS))[argc];
                   ^
make[1]: *** [CMakeFiles/cmTryCompileExec1808554870.dir/CheckSymbolExists.cxx.o] Erreur 1
make[1]: quittant le répertoire « /home/work/modgeo/canva_projet/build/CMakeFiles/CMakeTmp »
make: *** [cmTryCompileExec1808554870/fast] Erreur 2

File /home/work/modgeo/canva_projet/build/CMakeFiles/CMakeTmp/CheckSymbolExists.cxx:
/* */
#include <QtCore/qglobal.h>

int main(int argc, char** argv)
{
  (void)argv;
#ifndef Q_WS_QWS
  return ((int*)(&Q_WS_QWS))[argc];
#else
  (void)argc;
  return 0;
#endif
}

Determining if the Q_WS_MAC exist failed with the following output:
Change Dir: /home/work/modgeo/canva_projet/build/CMakeFiles/CMakeTmp

Run Build Command:/usr/bin/make "cmTryCompileExec3407764626/fast"
/usr/bin/make -f CMakeFiles/cmTryCompileExec3407764626.dir/build.make CMakeFiles/cmTryCompileExec3407764626.dir/build
make[1]: entrant dans le répertoire « /home/work/modgeo/canva_projet/build/CMakeFiles/CMakeTmp »
/usr/bin/cmake -E cmake_progress_report /home/work/modgeo/canva_projet/build/CMakeFiles/CMakeTmp/CMakeFiles 1
Building CXX object CMakeFiles/cmTryCompileExec3407764626.dir/CheckSymbolExists.cxx.o
/usr/bin/c++    -I/usr/include/qt4    -o CMakeFiles/cmTryCompileExec3407764626.dir/CheckSymbolExists.cxx.o -c /home/work/modgeo/canva_projet/build/CMakeFiles/CMakeTmp/CheckSymbolExists.cxx
/home/work/modgeo/canva_projet/build/CMakeFiles/CMakeTmp/CheckSymbolExists.cxx: In function ‘int main(int, char**)’:
/home/work/modgeo/canva_projet/build/CMakeFiles/CMakeTmp/CheckSymbolExists.cxx:8:19: error: ‘Q_WS_MAC’ was not declared in this scope
   return ((int*)(&Q_WS_MAC))[argc];
                   ^
make[1]: *** [CMakeFiles/cmTryCompileExec3407764626.dir/CheckSymbolExists.cxx.o] Erreur 1
make[1]: quittant le répertoire « /home/work/modgeo/canva_projet/build/CMakeFiles/CMakeTmp »
make: *** [cmTryCompileExec3407764626/fast] Erreur 2

File /home/work/modgeo/canva_projet/build/CMakeFiles/CMakeTmp/CheckSymbolExists.cxx:
/* */
#include <QtCore/qglobal.h>

int main(int argc, char** argv)
{
  (void)argv;
#ifndef Q_WS_MAC
  return ((int*)(&Q_WS_MAC))[argc];
#else
  (void)argc;
  return 0;
#endif
}

